0 info it worked if it ends with ok
1 verbose cli [ 'C:\\Program Files\\nodejs\\node.exe',
1 verbose cli   'C:\\Program Files\\nodejs\\node_modules\\npm\\bin\\npm-cli.js',
1 verbose cli   'run',
1 verbose cli   'start',
1 verbose cli   '--scripts-prepend-node-path=auto' ]
2 info using npm@3.10.10
3 info using node@v6.12.3
4 verbose run-script [ 'prestart', 'start', 'poststart' ]
5 info lifecycle SimpleFileHoster@1.0.0~prestart: SimpleFileHoster@1.0.0
6 silly lifecycle SimpleFileHoster@1.0.0~prestart: no script for prestart, continuing
7 info lifecycle SimpleFileHoster@1.0.0~start: SimpleFileHoster@1.0.0
8 verbose lifecycle SimpleFileHoster@1.0.0~start: unsafe-perm in lifecycle true
9 verbose lifecycle SimpleFileHoster@1.0.0~start: PATH: C:\Users\Robert\AppData\Roaming\nvm\v6.12.3\node_modules\npm\bin\node-gyp-bin;D:\Projects\SimpleFileHoster\node_modules\.bin;C:\ProgramData\Oracle\Java\javapath;C:\Windows\system32;C:\Windows;C:\Windows\System32\Wbem;C:\Windows\System32\WindowsPowerShell\v1.0\;C:\Program Files\PuTTY\;C:\Users\Robert\AppData\Roaming\nvm;C:\Program Files\nodejs;C:\Program Files (x86)\NVIDIA Corporation\PhysX\Common;D:\Program Files\Geth;D:\Programs\Python27;D:\Programs\Ruby24-x64\bin;C:\Users\Robert\AppData\Local\Microsoft\WindowsApps;C:\Users\Robert\AppData\Roaming\nvm;C:\Program Files\nodejs
10 verbose lifecycle SimpleFileHoster@1.0.0~start: CWD: D:\Projects\SimpleFileHoster
11 silly lifecycle SimpleFileHoster@1.0.0~start: Args: [ '/d /s /c', 'gulp' ]
12 silly lifecycle SimpleFileHoster@1.0.0~start: Returned: code: 1  signal: null
13 info lifecycle SimpleFileHoster@1.0.0~start: Failed to exec start script
14 verbose stack Error: SimpleFileHoster@1.0.0 start: `gulp`
14 verbose stack Exit status 1
14 verbose stack     at EventEmitter.<anonymous> (C:\Users\Robert\AppData\Roaming\nvm\v6.12.3\node_modules\npm\lib\utils\lifecycle.js:255:16)
14 verbose stack     at emitTwo (events.js:106:13)
14 verbose stack     at EventEmitter.emit (events.js:191:7)
14 verbose stack     at ChildProcess.<anonymous> (C:\Users\Robert\AppData\Roaming\nvm\v6.12.3\node_modules\npm\lib\utils\spawn.js:40:14)
14 verbose stack     at emitTwo (events.js:106:13)
14 verbose stack     at ChildProcess.emit (events.js:191:7)
14 verbose stack     at maybeClose (internal/child_process.js:920:16)
14 verbose stack     at Process.ChildProcess._handle.onexit (internal/child_process.js:230:5)
15 verbose pkgid SimpleFileHoster@1.0.0
16 verbose cwd D:\Projects\SimpleFileHoster
17 error Windows_NT 10.0.16299
18 error argv "C:\\Program Files\\nodejs\\node.exe" "C:\\Program Files\\nodejs\\node_modules\\npm\\bin\\npm-cli.js" "run" "start" "--scripts-prepend-node-path=auto"
19 error node v6.12.3
20 error npm  v3.10.10
21 error code ELIFECYCLE
22 error SimpleFileHoster@1.0.0 start: `gulp`
22 error Exit status 1
23 error Failed at the SimpleFileHoster@1.0.0 start script 'gulp'.
23 error Make sure you have the latest version of node.js and npm installed.
23 error If you do, this is most likely a problem with the SimpleFileHoster package,
23 error not with npm itself.
23 error Tell the author that this fails on your system:
23 error     gulp
23 error You can get information on how to open an issue for this project with:
23 error     npm bugs SimpleFileHoster
23 error Or if that isn't available, you can get their info via:
23 error     npm owner ls SimpleFileHoster
23 error There is likely additional logging output above.
24 verbose exit [ 1, true ]
